<?xml version="1.0" encoding="UTF-8"?>
<!-- Generated by org.testng.reporters.JUnitXMLReporter -->
<testsuite hostname="CMKLPT01" ignored="0" name="Default test" tests="3" failures="0" timestamp="19 Aug 2021 03:55:37 GMT" time="34.79" errors="0">
  <testcase name="TakeScreenshot" time="0.723" classname="qa.testcases.SearchPageTest"/>
  <testcase name="ValidateTitleTest" time="0.051" classname="qa.testcases.SearchPageTest"/>
  <testcase name="ClickItineraryTest" time="0.632" classname="qa.testcases.SearchPageTest"/>
</testsuite> <!-- Default test -->
